0 info it worked if it ends with ok
1 verbose cli [ '/usr/bin/nodejs',
1 verbose cli   '/usr/bin/npm',
1 verbose cli   'install',
1 verbose cli   'kit-iot-wearable' ]
2 info using npm@1.4.21
3 info using node@v0.10.25
4 warn package.json node-ejs@ No description
5 warn package.json node-ejs@ No repository field.
6 verbose readDependencies using package.json deps
7 verbose cache add [ 'kit-iot-wearable@^1.0.10', null ]
8 verbose cache add name=undefined spec="kit-iot-wearable@^1.0.10" args=["kit-iot-wearable@^1.0.10",null]
9 verbose parsed url { protocol: null,
9 verbose parsed url   slashes: null,
9 verbose parsed url   auth: null,
9 verbose parsed url   host: null,
9 verbose parsed url   port: null,
9 verbose parsed url   hostname: null,
9 verbose parsed url   hash: null,
9 verbose parsed url   search: null,
9 verbose parsed url   query: null,
9 verbose parsed url   pathname: 'kit-iot-wearable@^1.0.10',
9 verbose parsed url   path: 'kit-iot-wearable@^1.0.10',
9 verbose parsed url   href: 'kit-iot-wearable@^1.0.10' }
10 verbose cache add name="kit-iot-wearable" spec="^1.0.10" args=["kit-iot-wearable","^1.0.10"]
11 verbose parsed url { protocol: null,
11 verbose parsed url   slashes: null,
11 verbose parsed url   auth: null,
11 verbose parsed url   host: null,
11 verbose parsed url   port: null,
11 verbose parsed url   hostname: null,
11 verbose parsed url   hash: null,
11 verbose parsed url   search: null,
11 verbose parsed url   query: null,
11 verbose parsed url   pathname: '^1.0.10',
11 verbose parsed url   path: '^1.0.10',
11 verbose parsed url   href: '^1.0.10' }
12 verbose addNamed [ 'kit-iot-wearable', '^1.0.10' ]
13 verbose addNamed [ null, '>=1.0.10-0 <2.0.0-0' ]
14 silly lockFile 7e48d233-kit-iot-wearable-1-0-10 kit-iot-wearable@^1.0.10
15 verbose lock kit-iot-wearable@^1.0.10 /home/ferreirajp/.npm/7e48d233-kit-iot-wearable-1-0-10.lock
16 silly addNameRange { name: 'kit-iot-wearable',
16 silly addNameRange   range: '>=1.0.10-0 <2.0.0-0',
16 silly addNameRange   hasData: false }
17 verbose request where is /kit-iot-wearable
18 verbose request registry https://registry.npmjs.org/
19 verbose request id c01f639b3d56b415
20 verbose url raw /kit-iot-wearable
21 verbose url resolving [ 'https://registry.npmjs.org/', './kit-iot-wearable' ]
22 verbose url resolved https://registry.npmjs.org/kit-iot-wearable
23 verbose request where is https://registry.npmjs.org/kit-iot-wearable
24 info trying registry request attempt 1 at 18:55:21
25 verbose etag "CC33TXOXQIXVVHW21O8G0WA9R"
26 http GET https://registry.npmjs.org/kit-iot-wearable
27 http 304 https://registry.npmjs.org/kit-iot-wearable
28 silly registry.get cb [ 304,
28 silly registry.get   { date: 'Thu, 06 Aug 2015 21:55:21 GMT',
28 silly registry.get     via: '1.1 varnish',
28 silly registry.get     'cache-control': 'max-age=60',
28 silly registry.get     etag: '"CC33TXOXQIXVVHW21O8G0WA9R"',
28 silly registry.get     age: '21',
28 silly registry.get     connection: 'keep-alive',
28 silly registry.get     'x-served-by': 'cache-iad2126-IAD',
28 silly registry.get     'x-cache': 'HIT',
28 silly registry.get     'x-cache-hits': '1',
28 silly registry.get     'x-timer': 'S1438898121.888865,VS0,VE0',
28 silly registry.get     vary: 'Accept' } ]
29 verbose etag https://registry.npmjs.org/kit-iot-wearable from cache
30 silly addNameRange number 2 { name: 'kit-iot-wearable',
30 silly addNameRange   range: '>=1.0.10-0 <2.0.0-0',
30 silly addNameRange   hasData: true }
31 silly addNameRange versions [ 'kit-iot-wearable',
31 silly addNameRange   [ '1.0.0',
31 silly addNameRange     '1.0.1',
31 silly addNameRange     '1.0.2',
31 silly addNameRange     '1.0.3',
31 silly addNameRange     '1.0.4',
31 silly addNameRange     '1.0.5',
31 silly addNameRange     '1.0.6',
31 silly addNameRange     '1.0.7',
31 silly addNameRange     '1.0.8',
31 silly addNameRange     '1.0.9',
31 silly addNameRange     '1.0.10' ] ]
32 verbose addNamed [ 'kit-iot-wearable', '1.0.10' ]
33 verbose addNamed [ '1.0.10', '1.0.10' ]
34 silly lockFile eda8f75c-kit-iot-wearable-1-0-10 kit-iot-wearable@1.0.10
35 verbose lock kit-iot-wearable@1.0.10 /home/ferreirajp/.npm/eda8f75c-kit-iot-wearable-1-0-10.lock
36 silly lockFile eda8f75c-kit-iot-wearable-1-0-10 kit-iot-wearable@1.0.10
37 silly lockFile eda8f75c-kit-iot-wearable-1-0-10 kit-iot-wearable@1.0.10
38 silly lockFile 7e48d233-kit-iot-wearable-1-0-10 kit-iot-wearable@^1.0.10
39 silly lockFile 7e48d233-kit-iot-wearable-1-0-10 kit-iot-wearable@^1.0.10
40 silly resolved [ { name: 'kit-iot-wearable',
40 silly resolved     version: '1.0.10',
40 silly resolved     description: 'Módulo para o Kit IoT Wearable da Telefonica VIVO',
40 silly resolved     main: 'index.js',
40 silly resolved     scripts: { test: 'mocha test', docs: 'jsdoc2md ./lib/*.js > DOCS.md' },
40 silly resolved     repository:
40 silly resolved      { type: 'git',
40 silly resolved        url: 'git+https://github.com/telefonicadigital/kit-iot-wearable-node.git' },
40 silly resolved     keywords:
40 silly resolved      [ 'bluetooth2',
40 silly resolved        'bluetooth',
40 silly resolved        'kit-iot',
40 silly resolved        'kit-iot-wearable',
40 silly resolved        'wireless',
40 silly resolved        'development',
40 silly resolved        'wearable' ],
40 silly resolved     author: { name: 'Vitor Leal', email: 'vitor@telefonicabeta.com' },
40 silly resolved     license: 'MIT',
40 silly resolved     bugs: { url: 'https://github.com/telefonicadigital/kit-iot-wearable-node/issues' },
40 silly resolved     homepage: 'https://github.com/telefonicadigital/kit-iot-wearable-node',
40 silly resolved     dependencies: { 'bluetooth-serial-port': '^1.2.4', underscore: '^1.8.3' },
40 silly resolved     devDependencies:
40 silly resolved      { gulp: '^3.8.10',
40 silly resolved        'gulp-jshint': '^1.9.0',
40 silly resolved        'gulp-watch': '^3.0.0',
40 silly resolved        'jsdoc-to-markdown': '^0.5.9',
40 silly resolved        should: '^4.6.0' },
40 silly resolved     gitHead: '1ac61983c23a7fe5d20ffd2b814e01d360ed4039',
40 silly resolved     _id: 'kit-iot-wearable@1.0.10',
40 silly resolved     _shasum: 'cded513b5f6ba7f5e51926c12fedcf14ef6875f8',
40 silly resolved     _from: 'kit-iot-wearable@^1.0.10',
40 silly resolved     _npmVersion: '2.11.2',
40 silly resolved     _nodeVersion: '0.12.5',
40 silly resolved     _npmUser: { name: 'vitorleal', email: 'vitorleal1@gmail.com' },
40 silly resolved     dist:
40 silly resolved      { shasum: 'cded513b5f6ba7f5e51926c12fedcf14ef6875f8',
40 silly resolved        tarball: 'http://registry.npmjs.org/kit-iot-wearable/-/kit-iot-wearable-1.0.10.tgz' },
40 silly resolved     maintainers: [ [Object] ],
40 silly resolved     directories: {},
40 silly resolved     _resolved: 'https://registry.npmjs.org/kit-iot-wearable/-/kit-iot-wearable-1.0.10.tgz',
40 silly resolved     readme: 'ERROR: No README data found!' } ]
41 info install kit-iot-wearable@1.0.10 into /home/ferreirajp/Documentos/Copy/Projects/babylisten
42 info installOne kit-iot-wearable@1.0.10
43 verbose node_modules/kit-iot-wearable unbuild
44 verbose tar unpack /home/ferreirajp/.npm/kit-iot-wearable/1.0.10/package.tgz
45 silly lockFile c9e3c3d4-en-node-modules-kit-iot-wearable tar:///home/ferreirajp/Documentos/Copy/Projects/babylisten/node_modules/kit-iot-wearable
46 verbose lock tar:///home/ferreirajp/Documentos/Copy/Projects/babylisten/node_modules/kit-iot-wearable /home/ferreirajp/.npm/c9e3c3d4-en-node-modules-kit-iot-wearable.lock
47 silly lockFile 3bc3bc99--iot-wearable-1-0-10-package-tgz tar:///home/ferreirajp/.npm/kit-iot-wearable/1.0.10/package.tgz
48 verbose lock tar:///home/ferreirajp/.npm/kit-iot-wearable/1.0.10/package.tgz /home/ferreirajp/.npm/3bc3bc99--iot-wearable-1-0-10-package-tgz.lock
49 silly gunzTarPerm modes [ '755', '644' ]
50 silly gunzTarPerm extractEntry package.json
51 silly gunzTarPerm extractEntry .npmignore
52 silly gunzTarPerm extractEntry README.md
53 silly gunzTarPerm extractEntry LICENSE
54 silly gunzTarPerm extractEntry gulpfile.js
55 silly gunzTarPerm extractEntry index.js
56 silly gunzTarPerm extractEntry example/index.js
57 silly gunzTarPerm extractEntry .travis.yml
58 silly gunzTarPerm extractEntry lib/commands.js
59 silly gunzTarPerm extractEntry lib/helpers.js
60 silly gunzTarPerm extractEntry lib/wearable.js
61 silly gunzTarPerm extractEntry DOCS.md
62 silly gunzTarPerm extractEntry test/test.js
63 silly gunzTarPerm extractEntry test/mocha.opts
64 silly lockFile c9e3c3d4-en-node-modules-kit-iot-wearable tar:///home/ferreirajp/Documentos/Copy/Projects/babylisten/node_modules/kit-iot-wearable
65 silly lockFile c9e3c3d4-en-node-modules-kit-iot-wearable tar:///home/ferreirajp/Documentos/Copy/Projects/babylisten/node_modules/kit-iot-wearable
66 silly lockFile 3bc3bc99--iot-wearable-1-0-10-package-tgz tar:///home/ferreirajp/.npm/kit-iot-wearable/1.0.10/package.tgz
67 silly lockFile 3bc3bc99--iot-wearable-1-0-10-package-tgz tar:///home/ferreirajp/.npm/kit-iot-wearable/1.0.10/package.tgz
68 info preinstall kit-iot-wearable@1.0.10
69 verbose readDependencies using package.json deps
70 verbose readDependencies using package.json deps
71 verbose cache add [ 'underscore@^1.8.3', null ]
72 verbose cache add name=undefined spec="underscore@^1.8.3" args=["underscore@^1.8.3",null]
73 verbose parsed url { protocol: null,
73 verbose parsed url   slashes: null,
73 verbose parsed url   auth: null,
73 verbose parsed url   host: null,
73 verbose parsed url   port: null,
73 verbose parsed url   hostname: null,
73 verbose parsed url   hash: null,
73 verbose parsed url   search: null,
73 verbose parsed url   query: null,
73 verbose parsed url   pathname: 'underscore@^1.8.3',
73 verbose parsed url   path: 'underscore@^1.8.3',
73 verbose parsed url   href: 'underscore@^1.8.3' }
74 verbose cache add [ 'bluetooth-serial-port@^1.2.4', null ]
75 verbose cache add name=undefined spec="bluetooth-serial-port@^1.2.4" args=["bluetooth-serial-port@^1.2.4",null]
76 verbose parsed url { protocol: null,
76 verbose parsed url   slashes: null,
76 verbose parsed url   auth: null,
76 verbose parsed url   host: null,
76 verbose parsed url   port: null,
76 verbose parsed url   hostname: null,
76 verbose parsed url   hash: null,
76 verbose parsed url   search: null,
76 verbose parsed url   query: null,
76 verbose parsed url   pathname: 'bluetooth-serial-port@^1.2.4',
76 verbose parsed url   path: 'bluetooth-serial-port@^1.2.4',
76 verbose parsed url   href: 'bluetooth-serial-port@^1.2.4' }
77 verbose cache add name="underscore" spec="^1.8.3" args=["underscore","^1.8.3"]
78 verbose parsed url { protocol: null,
78 verbose parsed url   slashes: null,
78 verbose parsed url   auth: null,
78 verbose parsed url   host: null,
78 verbose parsed url   port: null,
78 verbose parsed url   hostname: null,
78 verbose parsed url   hash: null,
78 verbose parsed url   search: null,
78 verbose parsed url   query: null,
78 verbose parsed url   pathname: '^1.8.3',
78 verbose parsed url   path: '^1.8.3',
78 verbose parsed url   href: '^1.8.3' }
79 verbose addNamed [ 'underscore', '^1.8.3' ]
80 verbose addNamed [ null, '>=1.8.3-0 <2.0.0-0' ]
81 silly lockFile 763d0bdd-underscore-1-8-3 underscore@^1.8.3
82 verbose lock underscore@^1.8.3 /home/ferreirajp/.npm/763d0bdd-underscore-1-8-3.lock
83 verbose cache add name="bluetooth-serial-port" spec="^1.2.4" args=["bluetooth-serial-port","^1.2.4"]
84 verbose parsed url { protocol: null,
84 verbose parsed url   slashes: null,
84 verbose parsed url   auth: null,
84 verbose parsed url   host: null,
84 verbose parsed url   port: null,
84 verbose parsed url   hostname: null,
84 verbose parsed url   hash: null,
84 verbose parsed url   search: null,
84 verbose parsed url   query: null,
84 verbose parsed url   pathname: '^1.2.4',
84 verbose parsed url   path: '^1.2.4',
84 verbose parsed url   href: '^1.2.4' }
85 verbose addNamed [ 'bluetooth-serial-port', '^1.2.4' ]
86 verbose addNamed [ null, '>=1.2.4-0 <2.0.0-0' ]
87 silly lockFile 1d22540d-bluetooth-serial-port-1-2-4 bluetooth-serial-port@^1.2.4
88 verbose lock bluetooth-serial-port@^1.2.4 /home/ferreirajp/.npm/1d22540d-bluetooth-serial-port-1-2-4.lock
89 silly addNameRange { name: 'underscore',
89 silly addNameRange   range: '>=1.8.3-0 <2.0.0-0',
89 silly addNameRange   hasData: false }
90 silly addNameRange { name: 'bluetooth-serial-port',
90 silly addNameRange   range: '>=1.2.4-0 <2.0.0-0',
90 silly addNameRange   hasData: false }
91 verbose request where is /underscore
92 verbose request registry https://registry.npmjs.org/
93 verbose url raw /underscore
94 verbose url resolving [ 'https://registry.npmjs.org/', './underscore' ]
95 verbose url resolved https://registry.npmjs.org/underscore
96 verbose request where is https://registry.npmjs.org/underscore
97 info trying registry request attempt 1 at 18:55:22
98 verbose etag "CPYHO1R3BTUYXNHQ7SZM779E5"
99 http GET https://registry.npmjs.org/underscore
100 verbose request where is /bluetooth-serial-port
101 verbose request registry https://registry.npmjs.org/
102 verbose url raw /bluetooth-serial-port
103 verbose url resolving [ 'https://registry.npmjs.org/', './bluetooth-serial-port' ]
104 verbose url resolved https://registry.npmjs.org/bluetooth-serial-port
105 verbose request where is https://registry.npmjs.org/bluetooth-serial-port
106 info trying registry request attempt 1 at 18:55:22
107 verbose etag "997UVSFME6ER90IN8R5AFXNMO"
108 http GET https://registry.npmjs.org/bluetooth-serial-port
109 http 304 https://registry.npmjs.org/bluetooth-serial-port
110 silly registry.get cb [ 304,
110 silly registry.get   { date: 'Thu, 06 Aug 2015 21:55:22 GMT',
110 silly registry.get     via: '1.1 varnish',
110 silly registry.get     'cache-control': 'max-age=60',
110 silly registry.get     etag: '"997UVSFME6ER90IN8R5AFXNMO"',
110 silly registry.get     age: '20',
110 silly registry.get     connection: 'keep-alive',
110 silly registry.get     'x-served-by': 'cache-iad2128-IAD',
110 silly registry.get     'x-cache': 'HIT',
110 silly registry.get     'x-cache-hits': '1',
110 silly registry.get     'x-timer': 'S1438898122.757726,VS0,VE2',
110 silly registry.get     vary: 'Accept' } ]
111 verbose etag https://registry.npmjs.org/bluetooth-serial-port from cache
112 http 304 https://registry.npmjs.org/underscore
113 silly registry.get cb [ 304,
113 silly registry.get   { date: 'Thu, 06 Aug 2015 21:55:22 GMT',
113 silly registry.get     via: '1.1 varnish',
113 silly registry.get     'cache-control': 'max-age=60',
113 silly registry.get     etag: '"CPYHO1R3BTUYXNHQ7SZM779E5"',
113 silly registry.get     age: '39',
113 silly registry.get     connection: 'keep-alive',
113 silly registry.get     'x-served-by': 'cache-iad2120-IAD',
113 silly registry.get     'x-cache': 'HIT',
113 silly registry.get     'x-cache-hits': '1',
113 silly registry.get     'x-timer': 'S1438898122.753907,VS0,VE1',
113 silly registry.get     vary: 'Accept' } ]
114 verbose etag https://registry.npmjs.org/underscore from cache
115 silly addNameRange number 2 { name: 'bluetooth-serial-port',
115 silly addNameRange   range: '>=1.2.4-0 <2.0.0-0',
115 silly addNameRange   hasData: true }
116 silly addNameRange versions [ 'bluetooth-serial-port',
116 silly addNameRange   [ '0.1.0',
116 silly addNameRange     '0.1.1',
116 silly addNameRange     '0.1.3',
116 silly addNameRange     '0.1.4',
116 silly addNameRange     '0.1.5',
116 silly addNameRange     '0.1.6',
116 silly addNameRange     '0.1.7',
116 silly addNameRange     '0.1.8',
116 silly addNameRange     '0.1.9',
116 silly addNameRange     '0.1.10',
116 silly addNameRange     '0.1.11',
116 silly addNameRange     '0.1.12',
116 silly addNameRange     '0.2.0',
116 silly addNameRange     '0.2.1',
116 silly addNameRange     '1.0.0',
116 silly addNameRange     '1.0.1',
116 silly addNameRange     '1.0.2',
116 silly addNameRange     '1.0.3',
116 silly addNameRange     '1.0.4',
116 silly addNameRange     '1.0.5',
116 silly addNameRange     '1.1.1',
116 silly addNameRange     '1.1.2',
116 silly addNameRange     '1.1.3',
116 silly addNameRange     '1.1.4',
116 silly addNameRange     '1.2.0',
116 silly addNameRange     '1.2.1',
116 silly addNameRange     '1.2.2',
116 silly addNameRange     '1.2.3',
116 silly addNameRange     '1.2.4' ] ]
117 verbose addNamed [ 'bluetooth-serial-port', '1.2.4' ]
118 verbose addNamed [ '1.2.4', '1.2.4' ]
119 silly lockFile 77f3c02b-bluetooth-serial-port-1-2-4 bluetooth-serial-port@1.2.4
120 verbose lock bluetooth-serial-port@1.2.4 /home/ferreirajp/.npm/77f3c02b-bluetooth-serial-port-1-2-4.lock
121 silly addNameRange number 2 { name: 'underscore',
121 silly addNameRange   range: '>=1.8.3-0 <2.0.0-0',
121 silly addNameRange   hasData: true }
122 silly addNameRange versions [ 'underscore',
122 silly addNameRange   [ '1.0.3',
122 silly addNameRange     '1.0.4',
122 silly addNameRange     '1.1.0',
122 silly addNameRange     '1.1.1',
122 silly addNameRange     '1.1.2',
122 silly addNameRange     '1.1.3',
122 silly addNameRange     '1.1.4',
122 silly addNameRange     '1.1.5',
122 silly addNameRange     '1.1.6',
122 silly addNameRange     '1.1.7',
122 silly addNameRange     '1.2.0',
122 silly addNameRange     '1.2.1',
122 silly addNameRange     '1.2.2',
122 silly addNameRange     '1.2.3',
122 silly addNameRange     '1.2.4',
122 silly addNameRange     '1.3.0',
122 silly addNameRange     '1.3.1',
122 silly addNameRange     '1.3.2',
122 silly addNameRange     '1.3.3',
122 silly addNameRange     '1.4.0',
122 silly addNameRange     '1.4.1',
122 silly addNameRange     '1.4.2',
122 silly addNameRange     '1.4.3',
122 silly addNameRange     '1.4.4',
122 silly addNameRange     '1.5.0',
122 silly addNameRange     '1.5.1',
122 silly addNameRange     '1.5.2',
122 silly addNameRange     '1.6.0',
122 silly addNameRange     '1.7.0',
122 silly addNameRange     '1.8.0',
122 silly addNameRange     '1.8.1',
122 silly addNameRange     '1.8.2',
122 silly addNameRange     '1.8.3' ] ]
123 verbose addNamed [ 'underscore', '1.8.3' ]
124 verbose addNamed [ '1.8.3', '1.8.3' ]
125 silly lockFile e5e32fca-underscore-1-8-3 underscore@1.8.3
126 verbose lock underscore@1.8.3 /home/ferreirajp/.npm/e5e32fca-underscore-1-8-3.lock
127 silly lockFile 77f3c02b-bluetooth-serial-port-1-2-4 bluetooth-serial-port@1.2.4
128 silly lockFile 77f3c02b-bluetooth-serial-port-1-2-4 bluetooth-serial-port@1.2.4
129 silly lockFile e5e32fca-underscore-1-8-3 underscore@1.8.3
130 silly lockFile e5e32fca-underscore-1-8-3 underscore@1.8.3
131 silly lockFile 1d22540d-bluetooth-serial-port-1-2-4 bluetooth-serial-port@^1.2.4
132 silly lockFile 1d22540d-bluetooth-serial-port-1-2-4 bluetooth-serial-port@^1.2.4
133 silly lockFile 763d0bdd-underscore-1-8-3 underscore@^1.8.3
134 silly lockFile 763d0bdd-underscore-1-8-3 underscore@^1.8.3
135 silly resolved [ { name: 'bluetooth-serial-port',
135 silly resolved     version: '1.2.4',
135 silly resolved     description: 'Bluetooth serial port communication for Node.js',
135 silly resolved     author: { name: 'Eelco Cramer', email: 'eelco@hailendal.org' },
135 silly resolved     keywords: [ 'bluetooth', 'serial port', 'rfcomm', 'linux', 'os x', 'windows' ],
135 silly resolved     homepage: 'https://github.com/eelcocramer/node-bluetooth-serial-port',
135 silly resolved     bugs: { url: 'https://github.com/eelcocramer/node-bluetooth-serial-port/issues' },
135 silly resolved     repository:
135 silly resolved      { type: 'git',
135 silly resolved        url: 'git+https://github.com/eelcocramer/node-bluetooth-serial-port.git' },
135 silly resolved     directories: { lib: './lib' },
135 silly resolved     main: './lib/bluetooth-serial-port.js',
135 silly resolved     os: [ 'darwin', 'linux', 'win32' ],
135 silly resolved     dependencies: { bindings: '1.1.x', nan: '^1.8' },
135 silly resolved     engines: { node: '>= 0.8.x', npm: '>= 1.1.x' },
135 silly resolved     scripts: { install: 'node-gyp configure build' },
135 silly resolved     license: 'BSD-2-Clause',
135 silly resolved     contributors:
135 silly resolved      [ [Object],
135 silly resolved        [Object],
135 silly resolved        [Object],
135 silly resolved        [Object],
135 silly resolved        [Object],
135 silly resolved        [Object],
135 silly resolved        [Object] ],
135 silly resolved     gitHead: '836824f6ed2f54f0388997f9e91c4cd2ccbc1167',
135 silly resolved     _id: 'bluetooth-serial-port@1.2.4',
135 silly resolved     _shasum: '8e61d3f4207500dcb99234886b71ffea69902bb1',
135 silly resolved     _from: 'bluetooth-serial-port@^1.2.4',
135 silly resolved     _npmVersion: '2.11.2',
135 silly resolved     _nodeVersion: '0.12.5',
135 silly resolved     _npmUser: { name: 'eelco', email: 'eelco@hailendal.org' },
135 silly resolved     maintainers: [ [Object], [Object] ],
135 silly resolved     dist:
135 silly resolved      { shasum: '8e61d3f4207500dcb99234886b71ffea69902bb1',
135 silly resolved        tarball: 'http://registry.npmjs.org/bluetooth-serial-port/-/bluetooth-serial-port-1.2.4.tgz' },
135 silly resolved     _resolved: 'https://registry.npmjs.org/bluetooth-serial-port/-/bluetooth-serial-port-1.2.4.tgz',
135 silly resolved     readme: 'ERROR: No README data found!' },
135 silly resolved   { name: 'underscore',
135 silly resolved     description: 'JavaScript\'s functional programming helper library.',
135 silly resolved     homepage: 'http://underscorejs.org',
135 silly resolved     keywords: [ 'util', 'functional', 'server', 'client', 'browser' ],
135 silly resolved     author: { name: 'Jeremy Ashkenas', email: 'jeremy@documentcloud.org' },
135 silly resolved     repository:
135 silly resolved      { type: 'git',
135 silly resolved        url: 'git://github.com/jashkenas/underscore.git' },
135 silly resolved     main: 'underscore.js',
135 silly resolved     version: '1.8.3',
135 silly resolved     devDependencies:
135 silly resolved      { docco: '*',
135 silly resolved        eslint: '0.6.x',
135 silly resolved        karma: '~0.12.31',
135 silly resolved        'karma-qunit': '~0.1.4',
135 silly resolved        'qunit-cli': '~0.2.0',
135 silly resolved        'uglify-js': '2.4.x' },
135 silly resolved     scripts:
135 silly resolved      { test: 'npm run test-node && npm run lint',
135 silly resolved        lint: 'eslint underscore.js test/*.js',
135 silly resolved        'test-node': 'qunit-cli test/*.js',
135 silly resolved        'test-browser': 'npm i karma-phantomjs-launcher && ./node_modules/karma/bin/karma start',
135 silly resolved        build: 'uglifyjs underscore.js -c "evaluate=false" --comments "/    .*/" -m --source-map underscore-min.map -o underscore-min.js',
135 silly resolved        doc: 'docco underscore.js' },
135 silly resolved     license: 'MIT',
135 silly resolved     files:
135 silly resolved      [ 'underscore.js',
135 silly resolved        'underscore-min.js',
135 silly resolved        'underscore-min.map',
135 silly resolved        'LICENSE' ],
135 silly resolved     gitHead: 'e4743ab712b8ab42ad4ccb48b155034d02394e4d',
135 silly resolved     bugs: { url: 'https://github.com/jashkenas/underscore/issues' },
135 silly resolved     _id: 'underscore@1.8.3',
135 silly resolved     _shasum: '4f3fb53b106e6097fcf9cb4109f2a5e9bdfa5022',
135 silly resolved     _from: 'underscore@^1.8.3',
135 silly resolved     _npmVersion: '1.4.28',
135 silly resolved     _npmUser: { name: 'jashkenas', email: 'jashkenas@gmail.com' },
135 silly resolved     maintainers: [ [Object] ],
135 silly resolved     dist:
135 silly resolved      { shasum: '4f3fb53b106e6097fcf9cb4109f2a5e9bdfa5022',
135 silly resolved        tarball: 'http://registry.npmjs.org/underscore/-/underscore-1.8.3.tgz' },
135 silly resolved     directories: {},
135 silly resolved     _resolved: 'https://registry.npmjs.org/underscore/-/underscore-1.8.3.tgz',
135 silly resolved     readme: 'ERROR: No README data found!' } ]
136 info install bluetooth-serial-port@1.2.4 into /home/ferreirajp/Documentos/Copy/Projects/babylisten/node_modules/kit-iot-wearable
137 info install underscore@1.8.3 into /home/ferreirajp/Documentos/Copy/Projects/babylisten/node_modules/kit-iot-wearable
138 info installOne bluetooth-serial-port@1.2.4
139 info installOne underscore@1.8.3
140 verbose node_modules/kit-iot-wearable/node_modules/bluetooth-serial-port unbuild
141 verbose node_modules/kit-iot-wearable/node_modules/underscore unbuild
142 verbose tar unpack /home/ferreirajp/.npm/bluetooth-serial-port/1.2.4/package.tgz
143 silly lockFile f4b8cc16-de-modules-bluetooth-serial-port tar:///home/ferreirajp/Documentos/Copy/Projects/babylisten/node_modules/kit-iot-wearable/node_modules/bluetooth-serial-port
144 verbose lock tar:///home/ferreirajp/Documentos/Copy/Projects/babylisten/node_modules/kit-iot-wearable/node_modules/bluetooth-serial-port /home/ferreirajp/.npm/f4b8cc16-de-modules-bluetooth-serial-port.lock
145 silly lockFile 283a7cdd-th-serial-port-1-2-4-package-tgz tar:///home/ferreirajp/.npm/bluetooth-serial-port/1.2.4/package.tgz
146 verbose lock tar:///home/ferreirajp/.npm/bluetooth-serial-port/1.2.4/package.tgz /home/ferreirajp/.npm/283a7cdd-th-serial-port-1-2-4-package-tgz.lock
147 verbose tar unpack /home/ferreirajp/.npm/underscore/1.8.3/package.tgz
148 silly lockFile c762571d-wearable-node-modules-underscore tar:///home/ferreirajp/Documentos/Copy/Projects/babylisten/node_modules/kit-iot-wearable/node_modules/underscore
149 verbose lock tar:///home/ferreirajp/Documentos/Copy/Projects/babylisten/node_modules/kit-iot-wearable/node_modules/underscore /home/ferreirajp/.npm/c762571d-wearable-node-modules-underscore.lock
150 silly lockFile 0ed2c7e1-npm-underscore-1-8-3-package-tgz tar:///home/ferreirajp/.npm/underscore/1.8.3/package.tgz
151 verbose lock tar:///home/ferreirajp/.npm/underscore/1.8.3/package.tgz /home/ferreirajp/.npm/0ed2c7e1-npm-underscore-1-8-3-package-tgz.lock
152 silly gunzTarPerm modes [ '755', '644' ]
153 silly gunzTarPerm modes [ '755', '644' ]
154 silly gunzTarPerm extractEntry package.json
155 silly gunzTarPerm extractEntry package.json
156 silly gunzTarPerm extractEntry README.md
157 silly gunzTarPerm extractEntry binding.gyp
158 silly gunzTarPerm extractEntry README.md
159 silly gunzTarPerm extractEntry LICENSE
160 silly gunzTarPerm extractEntry RELEASE_NOTES.md
161 silly gunzTarPerm extractEntry appveyor.yml
162 silly gunzTarPerm extractEntry underscore.js
163 silly gunzTarPerm extractEntry underscore-min.js
164 silly gunzTarPerm extractEntry underscore-min.map
165 silly gunzTarPerm extractEntry .travis.yml
166 silly gunzTarPerm extractEntry lib/bluetooth-serial-port.js
167 silly gunzTarPerm extractEntry lib/device-inquiry.js
168 silly gunzTarPerm extractEntry src/BTSerialPortBinding.h
169 silly gunzTarPerm extractEntry src/DeviceINQ.h
170 silly gunzTarPerm extractEntry src/linux/BTSerialPortBinding.cc
171 silly gunzTarPerm extractEntry src/linux/BluetoothSerialPort.cc
172 silly gunzTarPerm extractEntry src/linux/DeviceINQ.cc
173 silly gunzTarPerm extractEntry src/ngx-queue.h
174 silly gunzTarPerm extractEntry src/osx/BTSerialPortBinding.mm
175 silly gunzTarPerm extractEntry src/osx/BluetoothDeviceResources.h
176 silly gunzTarPerm extractEntry src/osx/BluetoothDeviceResources.mm
177 silly gunzTarPerm extractEntry src/osx/BluetoothSerialPort.mm
178 silly gunzTarPerm extractEntry src/osx/BluetoothWorker.h
179 silly gunzTarPerm extractEntry src/osx/BluetoothWorker.mm
180 silly gunzTarPerm extractEntry src/osx/DeviceINQ.mm
181 silly gunzTarPerm extractEntry src/osx/pipe.c
182 silly gunzTarPerm extractEntry src/osx/pipe.h
183 silly gunzTarPerm extractEntry src/windows/BTSerialPortBinding.cc
184 silly gunzTarPerm extractEntry src/windows/BluetoothHelpers.cc
185 silly gunzTarPerm extractEntry src/windows/BluetoothHelpers.h
186 silly gunzTarPerm extractEntry src/windows/BluetoothSerialPort.cc
187 silly gunzTarPerm extractEntry src/windows/DeviceINQ.cc
188 silly gunzTarPerm extractEntry LICENSE.md
189 silly gunzTarPerm extractEntry test/index.js
190 silly gunzTarPerm extractEntry test/before_install.sh
191 silly lockFile c762571d-wearable-node-modules-underscore tar:///home/ferreirajp/Documentos/Copy/Projects/babylisten/node_modules/kit-iot-wearable/node_modules/underscore
192 silly lockFile c762571d-wearable-node-modules-underscore tar:///home/ferreirajp/Documentos/Copy/Projects/babylisten/node_modules/kit-iot-wearable/node_modules/underscore
193 silly lockFile 0ed2c7e1-npm-underscore-1-8-3-package-tgz tar:///home/ferreirajp/.npm/underscore/1.8.3/package.tgz
194 silly lockFile 0ed2c7e1-npm-underscore-1-8-3-package-tgz tar:///home/ferreirajp/.npm/underscore/1.8.3/package.tgz
195 info preinstall underscore@1.8.3
196 verbose readDependencies using package.json deps
197 verbose readDependencies using package.json deps
198 silly resolved []
199 verbose about to build /home/ferreirajp/Documentos/Copy/Projects/babylisten/node_modules/kit-iot-wearable/node_modules/underscore
200 info build /home/ferreirajp/Documentos/Copy/Projects/babylisten/node_modules/kit-iot-wearable/node_modules/underscore
201 verbose linkStuff [ false,
201 verbose linkStuff   false,
201 verbose linkStuff   false,
201 verbose linkStuff   '/home/ferreirajp/Documentos/Copy/Projects/babylisten/node_modules/kit-iot-wearable/node_modules' ]
202 info linkStuff underscore@1.8.3
203 verbose linkBins underscore@1.8.3
204 verbose linkMans underscore@1.8.3
205 verbose rebuildBundles underscore@1.8.3
206 info install underscore@1.8.3
207 info postinstall underscore@1.8.3
208 silly lockFile f4b8cc16-de-modules-bluetooth-serial-port tar:///home/ferreirajp/Documentos/Copy/Projects/babylisten/node_modules/kit-iot-wearable/node_modules/bluetooth-serial-port
209 silly lockFile f4b8cc16-de-modules-bluetooth-serial-port tar:///home/ferreirajp/Documentos/Copy/Projects/babylisten/node_modules/kit-iot-wearable/node_modules/bluetooth-serial-port
210 silly lockFile 283a7cdd-th-serial-port-1-2-4-package-tgz tar:///home/ferreirajp/.npm/bluetooth-serial-port/1.2.4/package.tgz
211 silly lockFile 283a7cdd-th-serial-port-1-2-4-package-tgz tar:///home/ferreirajp/.npm/bluetooth-serial-port/1.2.4/package.tgz
212 info preinstall bluetooth-serial-port@1.2.4
213 verbose readDependencies using package.json deps
214 verbose readDependencies using package.json deps
215 verbose cache add [ 'bindings@1.1.x', null ]
216 verbose cache add name=undefined spec="bindings@1.1.x" args=["bindings@1.1.x",null]
217 verbose parsed url { protocol: null,
217 verbose parsed url   slashes: null,
217 verbose parsed url   auth: null,
217 verbose parsed url   host: null,
217 verbose parsed url   port: null,
217 verbose parsed url   hostname: null,
217 verbose parsed url   hash: null,
217 verbose parsed url   search: null,
217 verbose parsed url   query: null,
217 verbose parsed url   pathname: 'bindings@1.1.x',
217 verbose parsed url   path: 'bindings@1.1.x',
217 verbose parsed url   href: 'bindings@1.1.x' }
218 verbose cache add [ 'nan@^1.8', null ]
219 verbose cache add name=undefined spec="nan@^1.8" args=["nan@^1.8",null]
220 verbose parsed url { protocol: null,
220 verbose parsed url   slashes: null,
220 verbose parsed url   auth: null,
220 verbose parsed url   host: null,
220 verbose parsed url   port: null,
220 verbose parsed url   hostname: null,
220 verbose parsed url   hash: null,
220 verbose parsed url   search: null,
220 verbose parsed url   query: null,
220 verbose parsed url   pathname: 'nan@^1.8',
220 verbose parsed url   path: 'nan@^1.8',
220 verbose parsed url   href: 'nan@^1.8' }
221 verbose cache add name="bindings" spec="1.1.x" args=["bindings","1.1.x"]
222 verbose parsed url { protocol: null,
222 verbose parsed url   slashes: null,
222 verbose parsed url   auth: null,
222 verbose parsed url   host: null,
222 verbose parsed url   port: null,
222 verbose parsed url   hostname: null,
222 verbose parsed url   hash: null,
222 verbose parsed url   search: null,
222 verbose parsed url   query: null,
222 verbose parsed url   pathname: '1.1.x',
222 verbose parsed url   path: '1.1.x',
222 verbose parsed url   href: '1.1.x' }
223 verbose addNamed [ 'bindings', '1.1.x' ]
224 verbose addNamed [ null, '>=1.1.0-0 <1.2.0-0' ]
225 silly lockFile 890fc5a9-bindings-1-1-x bindings@1.1.x
226 verbose lock bindings@1.1.x /home/ferreirajp/.npm/890fc5a9-bindings-1-1-x.lock
227 verbose cache add name="nan" spec="^1.8" args=["nan","^1.8"]
228 verbose parsed url { protocol: null,
228 verbose parsed url   slashes: null,
228 verbose parsed url   auth: null,
228 verbose parsed url   host: null,
228 verbose parsed url   port: null,
228 verbose parsed url   hostname: null,
228 verbose parsed url   hash: null,
228 verbose parsed url   search: null,
228 verbose parsed url   query: null,
228 verbose parsed url   pathname: '^1.8',
228 verbose parsed url   path: '^1.8',
228 verbose parsed url   href: '^1.8' }
229 verbose addNamed [ 'nan', '^1.8' ]
230 verbose addNamed [ null, '>=1.8.0-0 <2.0.0-0' ]
231 silly lockFile 5d59f752-nan-1-8 nan@^1.8
232 verbose lock nan@^1.8 /home/ferreirajp/.npm/5d59f752-nan-1-8.lock
233 silly addNameRange { name: 'bindings', range: '>=1.1.0-0 <1.2.0-0', hasData: false }
234 silly addNameRange { name: 'nan', range: '>=1.8.0-0 <2.0.0-0', hasData: false }
235 verbose request where is /bindings
236 verbose request registry https://registry.npmjs.org/
237 verbose url raw /bindings
238 verbose url resolving [ 'https://registry.npmjs.org/', './bindings' ]
239 verbose url resolved https://registry.npmjs.org/bindings
240 verbose request where is https://registry.npmjs.org/bindings
241 info trying registry request attempt 1 at 18:55:23
242 verbose etag "BCS5XYG9ISNJFNKEL5FLOI5HX"
243 http GET https://registry.npmjs.org/bindings
244 verbose request where is /nan
245 verbose request registry https://registry.npmjs.org/
246 verbose url raw /nan
247 verbose url resolving [ 'https://registry.npmjs.org/', './nan' ]
248 verbose url resolved https://registry.npmjs.org/nan
249 verbose request where is https://registry.npmjs.org/nan
250 info trying registry request attempt 1 at 18:55:23
251 verbose etag "9TM5STV36BTUZ5A79JIW8E2V2"
252 http GET https://registry.npmjs.org/nan
253 http 304 https://registry.npmjs.org/bindings
254 silly registry.get cb [ 304,
254 silly registry.get   { date: 'Thu, 06 Aug 2015 21:55:23 GMT',
254 silly registry.get     via: '1.1 varnish',
254 silly registry.get     'cache-control': 'max-age=60',
254 silly registry.get     etag: '"BCS5XYG9ISNJFNKEL5FLOI5HX"',
254 silly registry.get     age: '48',
254 silly registry.get     connection: 'keep-alive',
254 silly registry.get     'x-served-by': 'cache-iad2120-IAD',
254 silly registry.get     'x-cache': 'HIT',
254 silly registry.get     'x-cache-hits': '2',
254 silly registry.get     'x-timer': 'S1438898123.735737,VS0,VE0',
254 silly registry.get     vary: 'Accept' } ]
255 verbose etag https://registry.npmjs.org/bindings from cache
256 silly addNameRange number 2 { name: 'bindings', range: '>=1.1.0-0 <1.2.0-0', hasData: true }
257 silly addNameRange versions [ 'bindings',
257 silly addNameRange   [ '0.0.1',
257 silly addNameRange     '0.1.0',
257 silly addNameRange     '0.1.1',
257 silly addNameRange     '0.2.0',
257 silly addNameRange     '0.2.1',
257 silly addNameRange     '0.2.2',
257 silly addNameRange     '0.2.3',
257 silly addNameRange     '0.2.4',
257 silly addNameRange     '0.3.0',
257 silly addNameRange     '0.4.0',
257 silly addNameRange     '1.0.0',
257 silly addNameRange     '1.1.0',
257 silly addNameRange     '1.1.1',
257 silly addNameRange     '1.2.0',
257 silly addNameRange     '1.2.1' ] ]
258 verbose addNamed [ 'bindings', '1.1.1' ]
259 verbose addNamed [ '1.1.1', '1.1.1' ]
260 silly lockFile 52dd60a7-bindings-1-1-1 bindings@1.1.1
261 verbose lock bindings@1.1.1 /home/ferreirajp/.npm/52dd60a7-bindings-1-1-1.lock
262 silly lockFile 4e5e3491--org-bindings-bindings-1-1-1-tgz https://registry.npmjs.org/bindings/-/bindings-1.1.1.tgz
263 verbose lock https://registry.npmjs.org/bindings/-/bindings-1.1.1.tgz /home/ferreirajp/.npm/4e5e3491--org-bindings-bindings-1-1-1-tgz.lock
264 verbose addRemoteTarball [ 'https://registry.npmjs.org/bindings/-/bindings-1.1.1.tgz',
264 verbose addRemoteTarball   '951f7ae010302ffc50b265b124032017ed2bf6f3' ]
265 info retry fetch attempt 1 at 18:55:23
266 verbose fetch to= /tmp/npm-15000-ZV2YvE7-/registry.npmjs.org/bindings/-/bindings-1.1.1.tgz
267 http GET https://registry.npmjs.org/bindings/-/bindings-1.1.1.tgz
268 http 304 https://registry.npmjs.org/nan
269 silly registry.get cb [ 304,
269 silly registry.get   { date: 'Thu, 06 Aug 2015 21:55:24 GMT',
269 silly registry.get     via: '1.1 varnish',
269 silly registry.get     'cache-control': 'max-age=60',
269 silly registry.get     etag: '"9TM5STV36BTUZ5A79JIW8E2V2"',
269 silly registry.get     age: '31',
269 silly registry.get     connection: 'keep-alive',
269 silly registry.get     'x-served-by': 'cache-iad2141-IAD',
269 silly registry.get     'x-cache': 'HIT',
269 silly registry.get     'x-cache-hits': '2',
269 silly registry.get     'x-timer': 'S1438898124.268391,VS0,VE0',
269 silly registry.get     vary: 'Accept' } ]
270 verbose etag https://registry.npmjs.org/nan from cache
271 silly addNameRange number 2 { name: 'nan', range: '>=1.8.0-0 <2.0.0-0', hasData: true }
272 silly addNameRange versions [ 'nan',
272 silly addNameRange   [ '0.3.0-wip',
272 silly addNameRange     '0.3.0-wip2',
272 silly addNameRange     '0.3.0',
272 silly addNameRange     '0.3.1',
272 silly addNameRange     '0.3.2',
272 silly addNameRange     '0.4.0',
272 silly addNameRange     '0.4.1',
272 silly addNameRange     '0.4.2',
272 silly addNameRange     '0.4.3',
272 silly addNameRange     '0.4.4',
272 silly addNameRange     '0.5.0',
272 silly addNameRange     '0.5.1',
272 silly addNameRange     '0.5.2',
272 silly addNameRange     '0.6.0',
272 silly addNameRange     '0.7.0',
272 silly addNameRange     '0.7.1',
272 silly addNameRange     '0.8.0',
272 silly addNameRange     '1.0.0',
272 silly addNameRange     '1.1.0',
272 silly addNameRange     '1.1.1',
272 silly addNameRange     '1.1.2',
272 silly addNameRange     '1.2.0',
272 silly addNameRange     '1.3.0',
272 silly addNameRange     '1.4.0',
272 silly addNameRange     '1.4.1',
272 silly addNameRange     '1.5.0',
272 silly addNameRange     '1.4.2',
272 silly addNameRange     '1.4.3',
272 silly addNameRange     '1.5.1',
272 silly addNameRange     '1.5.2',
272 silly addNameRange     '1.6.0',
272 silly addNameRange     '1.5.3',
272 silly addNameRange     '1.6.1',
272 silly addNameRange     '1.6.2',
272 silly addNameRange     '1.7.0',
272 silly addNameRange     '1.8.0',
272 silly addNameRange     '1.8.1',
272 silly addNameRange     '1.8.2',
272 silly addNameRange     '1.8.3',
272 silly addNameRange     '1.8.4',
272 silly addNameRange     '1.9.0',
272 silly addNameRange     '2.0.0',
272 silly addNameRange     '2.0.1',
272 silly addNameRange     '2.0.2' ] ]
273 verbose addNamed [ 'nan', '1.9.0' ]
274 verbose addNamed [ '1.9.0', '1.9.0' ]
275 silly lockFile 0eb7b535-nan-1-9-0 nan@1.9.0
276 verbose lock nan@1.9.0 /home/ferreirajp/.npm/0eb7b535-nan-1-9-0.lock
277 silly lockFile aa9e7979-stry-npmjs-org-nan-nan-1-9-0-tgz https://registry.npmjs.org/nan/-/nan-1.9.0.tgz
278 verbose lock https://registry.npmjs.org/nan/-/nan-1.9.0.tgz /home/ferreirajp/.npm/aa9e7979-stry-npmjs-org-nan-nan-1-9-0-tgz.lock
279 verbose addRemoteTarball [ 'https://registry.npmjs.org/nan/-/nan-1.9.0.tgz',
279 verbose addRemoteTarball   '1a9cd2755609766f5c291e4194fce39fde286515' ]
280 info retry fetch attempt 1 at 18:55:24
281 verbose fetch to= /tmp/npm-15000-ZV2YvE7-/registry.npmjs.org/nan/-/nan-1.9.0.tgz
282 http GET https://registry.npmjs.org/nan/-/nan-1.9.0.tgz
283 http 200 https://registry.npmjs.org/bindings/-/bindings-1.1.1.tgz
284 silly lockFile 4e5e3491--org-bindings-bindings-1-1-1-tgz https://registry.npmjs.org/bindings/-/bindings-1.1.1.tgz
285 silly lockFile 4e5e3491--org-bindings-bindings-1-1-1-tgz https://registry.npmjs.org/bindings/-/bindings-1.1.1.tgz
286 silly lockFile 52dd60a7-bindings-1-1-1 bindings@1.1.1
287 silly lockFile 52dd60a7-bindings-1-1-1 bindings@1.1.1
288 silly lockFile 890fc5a9-bindings-1-1-x bindings@1.1.x
289 silly lockFile 890fc5a9-bindings-1-1-x bindings@1.1.x
290 http 200 https://registry.npmjs.org/nan/-/nan-1.9.0.tgz
291 silly lockFile aa9e7979-stry-npmjs-org-nan-nan-1-9-0-tgz https://registry.npmjs.org/nan/-/nan-1.9.0.tgz
292 silly lockFile aa9e7979-stry-npmjs-org-nan-nan-1-9-0-tgz https://registry.npmjs.org/nan/-/nan-1.9.0.tgz
293 silly lockFile 0eb7b535-nan-1-9-0 nan@1.9.0
294 silly lockFile 0eb7b535-nan-1-9-0 nan@1.9.0
295 silly lockFile 5d59f752-nan-1-8 nan@^1.8
296 silly lockFile 5d59f752-nan-1-8 nan@^1.8
297 silly resolved [ { name: 'bindings',
297 silly resolved     description: 'Helper module for loading your native module\'s .node file',
297 silly resolved     keywords: [ 'native', 'addon', 'bindings', 'gyp', 'waf', 'c', 'c++' ],
297 silly resolved     version: '1.1.1',
297 silly resolved     author:
297 silly resolved      { name: 'Nathan Rajlich',
297 silly resolved        email: 'nathan@tootallnate.net',
297 silly resolved        url: 'http://tootallnate.net' },
297 silly resolved     repository:
297 silly resolved      { type: 'git',
297 silly resolved        url: 'git://github.com/TooTallNate/node-bindings.git' },
297 silly resolved     main: './bindings.js',
297 silly resolved     bugs: { url: 'https://github.com/TooTallNate/node-bindings/issues' },
297 silly resolved     _id: 'bindings@1.1.1',
297 silly resolved     dist:
297 silly resolved      { shasum: '951f7ae010302ffc50b265b124032017ed2bf6f3',
297 silly resolved        tarball: 'http://registry.npmjs.org/bindings/-/bindings-1.1.1.tgz' },
297 silly resolved     _from: 'bindings@1.1.x',
297 silly resolved     _npmVersion: '1.3.2',
297 silly resolved     _npmUser: { name: 'tootallnate', email: 'nathan@tootallnate.net' },
297 silly resolved     maintainers: [ [Object], [Object] ],
297 silly resolved     directories: {},
297 silly resolved     _shasum: '951f7ae010302ffc50b265b124032017ed2bf6f3',
297 silly resolved     _resolved: 'https://registry.npmjs.org/bindings/-/bindings-1.1.1.tgz' },
297 silly resolved   { name: 'nan',
297 silly resolved     version: '1.9.0',
297 silly resolved     description: 'Native Abstractions for Node.js: C++ header for Node 0.8->0.12 compatibility',
297 silly resolved     main: 'include_dirs.js',
297 silly resolved     repository: { type: 'git', url: 'git://github.com/nodejs/nan.git' },
297 silly resolved     scripts:
297 silly resolved      { test: 'tap --gc test/js/*-test.js',
297 silly resolved        'rebuild-tests': 'pangyp rebuild --msvs_version=2013 --directory test' },
297 silly resolved     contributors:
297 silly resolved      [ [Object],
297 silly resolved        [Object],
297 silly resolved        [Object],
297 silly resolved        [Object],
297 silly resolved        [Object],
297 silly resolved        [Object],
297 silly resolved        [Object] ],
297 silly resolved     devDependencies:
297 silly resolved      { bindings: '~1.2.1',
297 silly resolved        'node-gyp': '~2.0.2',
297 silly resolved        pangyp: '~2.2.0',
297 silly resolved        tap: '~0.7.1',
297 silly resolved        xtend: '~4.0.0' },
297 silly resolved     license: 'MIT',
297 silly resolved     gitHead: '399b3a54ada39a7cf7a11978ea727eae3686666e',
297 silly resolved     bugs: { url: 'https://github.com/nodejs/nan/issues' },
297 silly resolved     homepage: 'https://github.com/nodejs/nan#readme',
297 silly resolved     _id: 'nan@1.9.0',
297 silly resolved     _shasum: '1a9cd2755609766f5c291e4194fce39fde286515',
297 silly resolved     _from: 'nan@^1.8',
297 silly resolved     _npmVersion: '2.13.3',
297 silly resolved     _nodeVersion: '0.12.2',
297 silly resolved     _npmUser: { name: 'kkoopa', email: 'bbyholm@abo.fi' },
297 silly resolved     maintainers: [ [Object], [Object] ],
297 silly resolved     dist:
297 silly resolved      { shasum: '1a9cd2755609766f5c291e4194fce39fde286515',
297 silly resolved        tarball: 'http://registry.npmjs.org/nan/-/nan-1.9.0.tgz' },
297 silly resolved     directories: {},
297 silly resolved     _resolved: 'https://registry.npmjs.org/nan/-/nan-1.9.0.tgz' } ]
298 info install bindings@1.1.1 into /home/ferreirajp/Documentos/Copy/Projects/babylisten/node_modules/kit-iot-wearable/node_modules/bluetooth-serial-port
299 info install nan@1.9.0 into /home/ferreirajp/Documentos/Copy/Projects/babylisten/node_modules/kit-iot-wearable/node_modules/bluetooth-serial-port
300 info installOne bindings@1.1.1
301 info installOne nan@1.9.0
302 verbose node_modules/kit-iot-wearable/node_modules/bluetooth-serial-port/node_modules/bindings unbuild
303 verbose node_modules/kit-iot-wearable/node_modules/bluetooth-serial-port/node_modules/nan unbuild
304 verbose tar unpack /home/ferreirajp/.npm/bindings/1.1.1/package.tgz
305 silly lockFile 43c4069a-erial-port-node-modules-bindings tar:///home/ferreirajp/Documentos/Copy/Projects/babylisten/node_modules/kit-iot-wearable/node_modules/bluetooth-serial-port/node_modules/bindings
306 verbose lock tar:///home/ferreirajp/Documentos/Copy/Projects/babylisten/node_modules/kit-iot-wearable/node_modules/bluetooth-serial-port/node_modules/bindings /home/ferreirajp/.npm/43c4069a-erial-port-node-modules-bindings.lock
307 silly lockFile e87db75e-p-npm-bindings-1-1-1-package-tgz tar:///home/ferreirajp/.npm/bindings/1.1.1/package.tgz
308 verbose lock tar:///home/ferreirajp/.npm/bindings/1.1.1/package.tgz /home/ferreirajp/.npm/e87db75e-p-npm-bindings-1-1-1-package-tgz.lock
309 verbose tar unpack /home/ferreirajp/.npm/nan/1.9.0/package.tgz
310 silly lockFile 7100cdd0-oth-serial-port-node-modules-nan tar:///home/ferreirajp/Documentos/Copy/Projects/babylisten/node_modules/kit-iot-wearable/node_modules/bluetooth-serial-port/node_modules/nan
311 verbose lock tar:///home/ferreirajp/Documentos/Copy/Projects/babylisten/node_modules/kit-iot-wearable/node_modules/bluetooth-serial-port/node_modules/nan /home/ferreirajp/.npm/7100cdd0-oth-serial-port-node-modules-nan.lock
312 silly lockFile 441e8aa3-eirajp-npm-nan-1-9-0-package-tgz tar:///home/ferreirajp/.npm/nan/1.9.0/package.tgz
313 verbose lock tar:///home/ferreirajp/.npm/nan/1.9.0/package.tgz /home/ferreirajp/.npm/441e8aa3-eirajp-npm-nan-1-9-0-package-tgz.lock
314 silly gunzTarPerm modes [ '755', '644' ]
315 silly gunzTarPerm modes [ '755', '644' ]
316 silly gunzTarPerm extractEntry package.json
317 silly gunzTarPerm extractEntry package.json
318 silly gunzTarPerm modified mode [ 'package.json', 436, 420 ]
319 silly gunzTarPerm extractEntry README.md
320 silly gunzTarPerm extractEntry bindings.js
321 silly gunzTarPerm extractEntry README.md
322 silly gunzTarPerm modified mode [ 'README.md', 436, 420 ]
323 silly gunzTarPerm extractEntry include_dirs.js
324 silly gunzTarPerm modified mode [ 'include_dirs.js', 436, 420 ]
325 silly gunzTarPerm extractEntry LICENSE.md
326 silly gunzTarPerm modified mode [ 'LICENSE.md', 436, 420 ]
327 silly gunzTarPerm extractEntry .dntrc
328 silly gunzTarPerm modified mode [ '.dntrc', 436, 420 ]
329 silly lockFile 43c4069a-erial-port-node-modules-bindings tar:///home/ferreirajp/Documentos/Copy/Projects/babylisten/node_modules/kit-iot-wearable/node_modules/bluetooth-serial-port/node_modules/bindings
330 silly lockFile 43c4069a-erial-port-node-modules-bindings tar:///home/ferreirajp/Documentos/Copy/Projects/babylisten/node_modules/kit-iot-wearable/node_modules/bluetooth-serial-port/node_modules/bindings
331 silly lockFile e87db75e-p-npm-bindings-1-1-1-package-tgz tar:///home/ferreirajp/.npm/bindings/1.1.1/package.tgz
332 silly lockFile e87db75e-p-npm-bindings-1-1-1-package-tgz tar:///home/ferreirajp/.npm/bindings/1.1.1/package.tgz
333 info preinstall bindings@1.1.1
334 verbose readDependencies using package.json deps
335 verbose readDependencies using package.json deps
336 silly resolved []
337 verbose about to build /home/ferreirajp/Documentos/Copy/Projects/babylisten/node_modules/kit-iot-wearable/node_modules/bluetooth-serial-port/node_modules/bindings
338 info build /home/ferreirajp/Documentos/Copy/Projects/babylisten/node_modules/kit-iot-wearable/node_modules/bluetooth-serial-port/node_modules/bindings
339 verbose linkStuff [ false,
339 verbose linkStuff   false,
339 verbose linkStuff   false,
339 verbose linkStuff   '/home/ferreirajp/Documentos/Copy/Projects/babylisten/node_modules/kit-iot-wearable/node_modules/bluetooth-serial-port/node_modules' ]
340 info linkStuff bindings@1.1.1
341 verbose linkBins bindings@1.1.1
342 verbose linkMans bindings@1.1.1
343 verbose rebuildBundles bindings@1.1.1
344 info install bindings@1.1.1
345 info postinstall bindings@1.1.1
346 silly gunzTarPerm extractEntry appveyor.yml
347 silly gunzTarPerm modified mode [ 'appveyor.yml', 436, 420 ]
348 silly gunzTarPerm extractEntry nan.h
349 silly gunzTarPerm modified mode [ 'nan.h', 436, 420 ]
350 silly gunzTarPerm extractEntry nan_implementation_12_inl.h
351 silly gunzTarPerm modified mode [ 'nan_implementation_12_inl.h', 436, 420 ]
352 silly gunzTarPerm extractEntry nan_implementation_pre_12_inl.h
353 silly gunzTarPerm modified mode [ 'nan_implementation_pre_12_inl.h', 436, 420 ]
354 silly gunzTarPerm extractEntry nan_new.h
355 silly gunzTarPerm modified mode [ 'nan_new.h', 436, 420 ]
356 silly gunzTarPerm extractEntry nan_string_bytes.h
357 silly gunzTarPerm modified mode [ 'nan_string_bytes.h', 436, 420 ]
358 silly gunzTarPerm extractEntry CHANGELOG.md
359 silly gunzTarPerm modified mode [ 'CHANGELOG.md', 436, 420 ]
360 silly gunzTarPerm extractEntry tools/node_modules/commander/package.json
361 silly gunzTarPerm modified mode [ 'tools/node_modules/commander/package.json', 436, 420 ]
362 silly gunzTarPerm extractEntry tools/node_modules/commander/LICENSE
363 silly gunzTarPerm modified mode [ 'tools/node_modules/commander/LICENSE', 436, 420 ]
364 silly gunzTarPerm extractEntry tools/node_modules/commander/index.js
365 silly gunzTarPerm modified mode [ 'tools/node_modules/commander/index.js', 436, 420 ]
366 silly gunzTarPerm extractEntry tools/node_modules/commander/History.md
367 silly gunzTarPerm modified mode [ 'tools/node_modules/commander/History.md', 436, 420 ]
368 silly gunzTarPerm extractEntry tools/node_modules/commander/Readme.md
369 silly gunzTarPerm modified mode [ 'tools/node_modules/commander/Readme.md', 436, 420 ]
370 silly gunzTarPerm extractEntry tools/node_modules/commander/node_modules/graceful-readlink/package.json
371 silly gunzTarPerm modified mode [ 'tools/node_modules/commander/node_modules/graceful-readlink/package.json',
371 silly gunzTarPerm   436,
371 silly gunzTarPerm   420 ]
372 silly gunzTarPerm extractEntry tools/node_modules/commander/node_modules/graceful-readlink/.npmignore
373 silly gunzTarPerm modified mode [ 'tools/node_modules/commander/node_modules/graceful-readlink/.npmignore',
373 silly gunzTarPerm   436,
373 silly gunzTarPerm   420 ]
374 silly gunzTarPerm extractEntry tools/node_modules/commander/node_modules/graceful-readlink/README.md
375 silly gunzTarPerm modified mode [ 'tools/node_modules/commander/node_modules/graceful-readlink/README.md',
375 silly gunzTarPerm   436,
375 silly gunzTarPerm   420 ]
376 silly gunzTarPerm extractEntry tools/node_modules/commander/node_modules/graceful-readlink/LICENSE
377 silly gunzTarPerm modified mode [ 'tools/node_modules/commander/node_modules/graceful-readlink/LICENSE',
377 silly gunzTarPerm   436,
377 silly gunzTarPerm   420 ]
378 silly gunzTarPerm extractEntry tools/node_modules/commander/node_modules/graceful-readlink/index.js
379 silly gunzTarPerm modified mode [ 'tools/node_modules/commander/node_modules/graceful-readlink/index.js',
379 silly gunzTarPerm   436,
379 silly gunzTarPerm   420 ]
380 silly gunzTarPerm extractEntry tools/node_modules/commander/node_modules/graceful-readlink/.travis.yml
381 silly gunzTarPerm modified mode [ 'tools/node_modules/commander/node_modules/graceful-readlink/.travis.yml',
381 silly gunzTarPerm   436,
381 silly gunzTarPerm   420 ]
382 silly gunzTarPerm extractEntry tools/node_modules/glob/package.json
383 silly gunzTarPerm modified mode [ 'tools/node_modules/glob/package.json', 436, 420 ]
384 silly gunzTarPerm extractEntry tools/node_modules/glob/README.md
385 silly gunzTarPerm modified mode [ 'tools/node_modules/glob/README.md', 436, 420 ]
386 silly gunzTarPerm extractEntry tools/node_modules/glob/LICENSE
387 silly gunzTarPerm modified mode [ 'tools/node_modules/glob/LICENSE', 436, 420 ]
388 silly gunzTarPerm extractEntry tools/node_modules/glob/common.js
389 silly gunzTarPerm modified mode [ 'tools/node_modules/glob/common.js', 436, 420 ]
390 silly gunzTarPerm extractEntry tools/node_modules/glob/glob.js
391 silly gunzTarPerm modified mode [ 'tools/node_modules/glob/glob.js', 436, 420 ]
392 silly gunzTarPerm extractEntry tools/node_modules/glob/sync.js
393 silly gunzTarPerm modified mode [ 'tools/node_modules/glob/sync.js', 436, 420 ]
394 silly gunzTarPerm extractEntry tools/node_modules/glob/node_modules/inflight/package.json
395 silly gunzTarPerm modified mode [ 'tools/node_modules/glob/node_modules/inflight/package.json',
395 silly gunzTarPerm   436,
395 silly gunzTarPerm   420 ]
396 silly gunzTarPerm extractEntry tools/node_modules/glob/node_modules/inflight/README.md
397 silly gunzTarPerm modified mode [ 'tools/node_modules/glob/node_modules/inflight/README.md',
397 silly gunzTarPerm   436,
397 silly gunzTarPerm   420 ]
398 silly gunzTarPerm extractEntry tools/node_modules/glob/node_modules/inflight/LICENSE
399 silly gunzTarPerm modified mode [ 'tools/node_modules/glob/node_modules/inflight/LICENSE',
399 silly gunzTarPerm   436,
399 silly gunzTarPerm   420 ]
400 silly gunzTarPerm extractEntry tools/node_modules/glob/node_modules/inflight/inflight.js
401 silly gunzTarPerm modified mode [ 'tools/node_modules/glob/node_modules/inflight/inflight.js',
401 silly gunzTarPerm   436,
401 silly gunzTarPerm   420 ]
402 silly gunzTarPerm extractEntry tools/node_modules/glob/node_modules/inflight/test.js
403 silly gunzTarPerm modified mode [ 'tools/node_modules/glob/node_modules/inflight/test.js',
403 silly gunzTarPerm   436,
403 silly gunzTarPerm   420 ]
404 silly gunzTarPerm extractEntry tools/node_modules/glob/node_modules/inflight/.eslintrc
405 silly gunzTarPerm modified mode [ 'tools/node_modules/glob/node_modules/inflight/.eslintrc',
405 silly gunzTarPerm   436,
405 silly gunzTarPerm   420 ]
406 silly gunzTarPerm extractEntry tools/node_modules/glob/node_modules/inflight/node_modules/wrappy/package.json
407 silly gunzTarPerm modified mode [ 'tools/node_modules/glob/node_modules/inflight/node_modules/wrappy/package.json',
407 silly gunzTarPerm   436,
407 silly gunzTarPerm   420 ]
408 silly gunzTarPerm extractEntry tools/node_modules/glob/node_modules/inflight/node_modules/wrappy/README.md
409 silly gunzTarPerm modified mode [ 'tools/node_modules/glob/node_modules/inflight/node_modules/wrappy/README.md',
409 silly gunzTarPerm   436,
409 silly gunzTarPerm   420 ]
410 silly gunzTarPerm extractEntry tools/node_modules/glob/node_modules/inflight/node_modules/wrappy/LICENSE
411 silly gunzTarPerm modified mode [ 'tools/node_modules/glob/node_modules/inflight/node_modules/wrappy/LICENSE',
411 silly gunzTarPerm   436,
411 silly gunzTarPerm   420 ]
412 silly gunzTarPerm extractEntry tools/node_modules/glob/node_modules/inflight/node_modules/wrappy/wrappy.js
413 silly gunzTarPerm modified mode [ 'tools/node_modules/glob/node_modules/inflight/node_modules/wrappy/wrappy.js',
413 silly gunzTarPerm   436,
413 silly gunzTarPerm   420 ]
414 silly gunzTarPerm extractEntry tools/node_modules/glob/node_modules/inflight/node_modules/wrappy/test/basic.js
415 silly gunzTarPerm modified mode [ 'tools/node_modules/glob/node_modules/inflight/node_modules/wrappy/test/basic.js',
415 silly gunzTarPerm   436,
415 silly gunzTarPerm   420 ]
416 silly gunzTarPerm extractEntry tools/node_modules/glob/node_modules/inherits/package.json
417 silly gunzTarPerm modified mode [ 'tools/node_modules/glob/node_modules/inherits/package.json',
417 silly gunzTarPerm   436,
417 silly gunzTarPerm   420 ]
418 silly gunzTarPerm extractEntry tools/node_modules/glob/node_modules/inherits/README.md
419 silly gunzTarPerm modified mode [ 'tools/node_modules/glob/node_modules/inherits/README.md',
419 silly gunzTarPerm   436,
419 silly gunzTarPerm   420 ]
420 silly gunzTarPerm extractEntry tools/node_modules/glob/node_modules/inherits/LICENSE
421 silly gunzTarPerm modified mode [ 'tools/node_modules/glob/node_modules/inherits/LICENSE',
421 silly gunzTarPerm   436,
421 silly gunzTarPerm   420 ]
422 silly gunzTarPerm extractEntry tools/node_modules/glob/node_modules/inherits/inherits.js
423 silly gunzTarPerm modified mode [ 'tools/node_modules/glob/node_modules/inherits/inherits.js',
423 silly gunzTarPerm   436,
423 silly gunzTarPerm   420 ]
424 silly gunzTarPerm extractEntry tools/node_modules/glob/node_modules/inherits/inherits_browser.js
425 silly gunzTarPerm modified mode [ 'tools/node_modules/glob/node_modules/inherits/inherits_browser.js',
425 silly gunzTarPerm   436,
425 silly gunzTarPerm   420 ]
426 silly gunzTarPerm extractEntry tools/node_modules/glob/node_modules/inherits/test.js
427 silly gunzTarPerm modified mode [ 'tools/node_modules/glob/node_modules/inherits/test.js',
427 silly gunzTarPerm   436,
427 silly gunzTarPerm   420 ]
428 silly gunzTarPerm extractEntry tools/node_modules/glob/node_modules/minimatch/package.json
429 silly gunzTarPerm modified mode [ 'tools/node_modules/glob/node_modules/minimatch/package.json',
429 silly gunzTarPerm   436,
429 silly gunzTarPerm   420 ]
430 silly gunzTarPerm extractEntry tools/node_modules/glob/node_modules/minimatch/README.md
431 silly gunzTarPerm modified mode [ 'tools/node_modules/glob/node_modules/minimatch/README.md',
431 silly gunzTarPerm   436,
431 silly gunzTarPerm   420 ]
432 silly gunzTarPerm extractEntry tools/node_modules/glob/node_modules/minimatch/LICENSE
433 silly gunzTarPerm modified mode [ 'tools/node_modules/glob/node_modules/minimatch/LICENSE',
433 silly gunzTarPerm   436,
433 silly gunzTarPerm   420 ]
434 silly gunzTarPerm extractEntry tools/node_modules/glob/node_modules/minimatch/browser.js
435 silly gunzTarPerm modified mode [ 'tools/node_modules/glob/node_modules/minimatch/browser.js',
435 silly gunzTarPerm   436,
435 silly gunzTarPerm   420 ]
436 silly gunzTarPerm extractEntry tools/node_modules/glob/node_modules/minimatch/minimatch.js
437 silly gunzTarPerm modified mode [ 'tools/node_modules/glob/node_modules/minimatch/minimatch.js',
437 silly gunzTarPerm   436,
437 silly gunzTarPerm   420 ]
438 silly gunzTarPerm extractEntry tools/node_modules/glob/node_modules/minimatch/node_modules/brace-expansion/package.json
439 silly gunzTarPerm modified mode [ 'tools/node_modules/glob/node_modules/minimatch/node_modules/brace-expansion/package.json',
439 silly gunzTarPerm   436,
439 silly gunzTarPerm   420 ]
440 silly gunzTarPerm extractEntry tools/node_modules/glob/node_modules/minimatch/node_modules/brace-expansion/.npmignore
441 silly gunzTarPerm modified mode [ 'tools/node_modules/glob/node_modules/minimatch/node_modules/brace-expansion/.npmignore',
441 silly gunzTarPerm   436,
441 silly gunzTarPerm   420 ]
442 silly gunzTarPerm extractEntry tools/node_modules/glob/node_modules/minimatch/node_modules/brace-expansion/README.md
443 silly gunzTarPerm modified mode [ 'tools/node_modules/glob/node_modules/minimatch/node_modules/brace-expansion/README.md',
443 silly gunzTarPerm   436,
443 silly gunzTarPerm   420 ]
444 silly gunzTarPerm extractEntry tools/node_modules/glob/node_modules/minimatch/node_modules/brace-expansion/example.js
445 silly gunzTarPerm modified mode [ 'tools/node_modules/glob/node_modules/minimatch/node_modules/brace-expansion/example.js',
445 silly gunzTarPerm   436,
445 silly gunzTarPerm   420 ]
446 silly gunzTarPerm extractEntry tools/node_modules/glob/node_modules/minimatch/node_modules/brace-expansion/index.js
447 silly gunzTarPerm modified mode [ 'tools/node_modules/glob/node_modules/minimatch/node_modules/brace-expansion/index.js',
447 silly gunzTarPerm   436,
447 silly gunzTarPerm   420 ]
448 silly gunzTarPerm extractEntry tools/node_modules/glob/node_modules/minimatch/node_modules/brace-expansion/.travis.yml
449 silly gunzTarPerm modified mode [ 'tools/node_modules/glob/node_modules/minimatch/node_modules/brace-expansion/.travis.yml',
449 silly gunzTarPerm   436,
449 silly gunzTarPerm   420 ]
450 silly gunzTarPerm extractEntry tools/node_modules/glob/node_modules/minimatch/node_modules/brace-expansion/test/bash-comparison.js
451 silly gunzTarPerm modified mode [ 'tools/node_modules/glob/node_modules/minimatch/node_modules/brace-expansion/test/bash-comparison.js',
451 silly gunzTarPerm   436,
451 silly gunzTarPerm   420 ]
452 silly gunzTarPerm extractEntry tools/node_modules/glob/node_modules/minimatch/node_modules/brace-expansion/test/same-type.js
453 silly gunzTarPerm modified mode [ 'tools/node_modules/glob/node_modules/minimatch/node_modules/brace-expansion/test/same-type.js',
453 silly gunzTarPerm   436,
453 silly gunzTarPerm   420 ]
454 silly gunzTarPerm extractEntry tools/node_modules/glob/node_modules/minimatch/node_modules/brace-expansion/test/dollar.js
455 silly gunzTarPerm modified mode [ 'tools/node_modules/glob/node_modules/minimatch/node_modules/brace-expansion/test/dollar.js',
455 silly gunzTarPerm   436,
455 silly gunzTarPerm   420 ]
456 silly gunzTarPerm extractEntry tools/node_modules/glob/node_modules/minimatch/node_modules/brace-expansion/test/empty-option.js
457 silly gunzTarPerm modified mode [ 'tools/node_modules/glob/node_modules/minimatch/node_modules/brace-expansion/test/empty-option.js',
457 silly gunzTarPerm   436,
457 silly gunzTarPerm   420 ]
458 silly gunzTarPerm extractEntry tools/node_modules/glob/node_modules/minimatch/node_modules/brace-expansion/test/pad.js
459 silly gunzTarPerm modified mode [ 'tools/node_modules/glob/node_modules/minimatch/node_modules/brace-expansion/test/pad.js',
459 silly gunzTarPerm   436,
459 silly gunzTarPerm   420 ]
460 silly gunzTarPerm extractEntry tools/node_modules/glob/node_modules/minimatch/node_modules/brace-expansion/test/order.js
461 silly gunzTarPerm modified mode [ 'tools/node_modules/glob/node_modules/minimatch/node_modules/brace-expansion/test/order.js',
461 silly gunzTarPerm   436,
461 silly gunzTarPerm   420 ]
462 silly gunzTarPerm extractEntry tools/node_modules/glob/node_modules/minimatch/node_modules/brace-expansion/test/nested.js
463 silly gunzTarPerm modified mode [ 'tools/node_modules/glob/node_modules/minimatch/node_modules/brace-expansion/test/nested.js',
463 silly gunzTarPerm   436,
463 silly gunzTarPerm   420 ]
464 silly gunzTarPerm extractEntry tools/node_modules/glob/node_modules/minimatch/node_modules/brace-expansion/test/sequence.js
465 silly gunzTarPerm modified mode [ 'tools/node_modules/glob/node_modules/minimatch/node_modules/brace-expansion/test/sequence.js',
465 silly gunzTarPerm   436,
465 silly gunzTarPerm   420 ]
466 silly gunzTarPerm extractEntry tools/node_modules/glob/node_modules/minimatch/node_modules/brace-expansion/test/negative-increment.js
467 silly gunzTarPerm modified mode [ 'tools/node_modules/glob/node_modules/minimatch/node_modules/brace-expansion/test/negative-increment.js',
467 silly gunzTarPerm   436,
467 silly gunzTarPerm   420 ]
468 silly gunzTarPerm extractEntry tools/node_modules/glob/node_modules/minimatch/node_modules/brace-expansion/test/bash-results.txt
469 silly gunzTarPerm modified mode [ 'tools/node_modules/glob/node_modules/minimatch/node_modules/brace-expansion/test/bash-results.txt',
469 silly gunzTarPerm   436,
469 silly gunzTarPerm   420 ]
470 silly gunzTarPerm extractEntry tools/node_modules/glob/node_modules/minimatch/node_modules/brace-expansion/test/generate.sh
471 silly gunzTarPerm modified mode [ 'tools/node_modules/glob/node_modules/minimatch/node_modules/brace-expansion/test/generate.sh',
471 silly gunzTarPerm   436,
471 silly gunzTarPerm   420 ]
472 silly gunzTarPerm extractEntry tools/node_modules/glob/node_modules/minimatch/node_modules/brace-expansion/test/cases.txt
473 silly gunzTarPerm modified mode [ 'tools/node_modules/glob/node_modules/minimatch/node_modules/brace-expansion/test/cases.txt',
473 silly gunzTarPerm   436,
473 silly gunzTarPerm   420 ]
474 silly gunzTarPerm extractEntry tools/node_modules/glob/node_modules/minimatch/node_modules/brace-expansion/node_modules/balanced-match/package.json
475 silly gunzTarPerm modified mode [ 'tools/node_modules/glob/node_modules/minimatch/node_modules/brace-expansion/node_modules/balanced-match/package.json',
475 silly gunzTarPerm   436,
475 silly gunzTarPerm   420 ]
476 silly gunzTarPerm extractEntry tools/node_modules/glob/node_modules/minimatch/node_modules/brace-expansion/node_modules/balanced-match/.npmignore
477 silly gunzTarPerm modified mode [ 'tools/node_modules/glob/node_modules/minimatch/node_modules/brace-expansion/node_modules/balanced-match/.npmignore',
477 silly gunzTarPerm   436,
477 silly gunzTarPerm   420 ]
478 silly gunzTarPerm extractEntry tools/node_modules/glob/node_modules/minimatch/node_modules/brace-expansion/node_modules/balanced-match/README.md
479 silly gunzTarPerm modified mode [ 'tools/node_modules/glob/node_modules/minimatch/node_modules/brace-expansion/node_modules/balanced-match/README.md',
479 silly gunzTarPerm   436,
479 silly gunzTarPerm   420 ]
480 silly gunzTarPerm extractEntry tools/node_modules/glob/node_modules/minimatch/node_modules/brace-expansion/node_modules/balanced-match/example.js
481 silly gunzTarPerm modified mode [ 'tools/node_modules/glob/node_modules/minimatch/node_modules/brace-expansion/node_modules/balanced-match/example.js',
481 silly gunzTarPerm   436,
481 silly gunzTarPerm   420 ]
482 silly gunzTarPerm extractEntry tools/node_modules/glob/node_modules/minimatch/node_modules/brace-expansion/node_modules/balanced-match/index.js
483 silly gunzTarPerm modified mode [ 'tools/node_modules/glob/node_modules/minimatch/node_modules/brace-expansion/node_modules/balanced-match/index.js',
483 silly gunzTarPerm   436,
483 silly gunzTarPerm   420 ]
484 silly gunzTarPerm extractEntry tools/node_modules/glob/node_modules/minimatch/node_modules/brace-expansion/node_modules/balanced-match/.travis.yml
485 silly gunzTarPerm modified mode [ 'tools/node_modules/glob/node_modules/minimatch/node_modules/brace-expansion/node_modules/balanced-match/.travis.yml',
485 silly gunzTarPerm   436,
485 silly gunzTarPerm   420 ]
486 silly gunzTarPerm extractEntry tools/node_modules/glob/node_modules/minimatch/node_modules/brace-expansion/node_modules/balanced-match/Makefile
487 silly gunzTarPerm modified mode [ 'tools/node_modules/glob/node_modules/minimatch/node_modules/brace-expansion/node_modules/balanced-match/Makefile',
487 silly gunzTarPerm   436,
487 silly gunzTarPerm   420 ]
488 silly gunzTarPerm extractEntry tools/node_modules/glob/node_modules/minimatch/node_modules/brace-expansion/node_modules/balanced-match/test/balanced.js
489 silly gunzTarPerm modified mode [ 'tools/node_modules/glob/node_modules/minimatch/node_modules/brace-expansion/node_modules/balanced-match/test/balanced.js',
489 silly gunzTarPerm   436,
489 silly gunzTarPerm   420 ]
490 silly gunzTarPerm extractEntry tools/node_modules/glob/node_modules/minimatch/node_modules/brace-expansion/node_modules/concat-map/package.json
491 silly gunzTarPerm modified mode [ 'tools/node_modules/glob/node_modules/minimatch/node_modules/brace-expansion/node_modules/concat-map/package.json',
491 silly gunzTarPerm   436,
491 silly gunzTarPerm   420 ]
492 silly gunzTarPerm extractEntry tools/node_modules/glob/node_modules/minimatch/node_modules/brace-expansion/node_modules/concat-map/LICENSE
493 silly gunzTarPerm modified mode [ 'tools/node_modules/glob/node_modules/minimatch/node_modules/brace-expansion/node_modules/concat-map/LICENSE',
493 silly gunzTarPerm   436,
493 silly gunzTarPerm   420 ]
494 silly gunzTarPerm extractEntry tools/node_modules/glob/node_modules/minimatch/node_modules/brace-expansion/node_modules/concat-map/index.js
495 silly gunzTarPerm modified mode [ 'tools/node_modules/glob/node_modules/minimatch/node_modules/brace-expansion/node_modules/concat-map/index.js',
495 silly gunzTarPerm   436,
495 silly gunzTarPerm   420 ]
496 silly gunzTarPerm extractEntry tools/node_modules/glob/node_modules/minimatch/node_modules/brace-expansion/node_modules/concat-map/.travis.yml
497 silly gunzTarPerm modified mode [ 'tools/node_modules/glob/node_modules/minimatch/node_modules/brace-expansion/node_modules/concat-map/.travis.yml',
497 silly gunzTarPerm   436,
497 silly gunzTarPerm   420 ]
498 silly gunzTarPerm extractEntry tools/node_modules/glob/node_modules/minimatch/node_modules/brace-expansion/node_modules/concat-map/README.markdown
499 silly gunzTarPerm modified mode [ 'tools/node_modules/glob/node_modules/minimatch/node_modules/brace-expansion/node_modules/concat-map/README.markdown',
499 silly gunzTarPerm   436,
499 silly gunzTarPerm   420 ]
500 silly gunzTarPerm extractEntry tools/node_modules/glob/node_modules/minimatch/node_modules/brace-expansion/node_modules/concat-map/example/map.js
501 silly gunzTarPerm modified mode [ 'tools/node_modules/glob/node_modules/minimatch/node_modules/brace-expansion/node_modules/concat-map/example/map.js',
501 silly gunzTarPerm   436,
501 silly gunzTarPerm   420 ]
502 silly gunzTarPerm extractEntry tools/node_modules/glob/node_modules/minimatch/node_modules/brace-expansion/node_modules/concat-map/test/map.js
503 silly gunzTarPerm modified mode [ 'tools/node_modules/glob/node_modules/minimatch/node_modules/brace-expansion/node_modules/concat-map/test/map.js',
503 silly gunzTarPerm   436,
503 silly gunzTarPerm   420 ]
504 silly gunzTarPerm extractEntry tools/node_modules/glob/node_modules/once/package.json
505 silly gunzTarPerm modified mode [ 'tools/node_modules/glob/node_modules/once/package.json',
505 silly gunzTarPerm   436,
505 silly gunzTarPerm   420 ]
506 silly gunzTarPerm extractEntry tools/node_modules/glob/node_modules/once/README.md
507 silly gunzTarPerm modified mode [ 'tools/node_modules/glob/node_modules/once/README.md',
507 silly gunzTarPerm   436,
507 silly gunzTarPerm   420 ]
508 silly gunzTarPerm extractEntry tools/node_modules/glob/node_modules/once/LICENSE
509 silly gunzTarPerm modified mode [ 'tools/node_modules/glob/node_modules/once/LICENSE', 436, 420 ]
510 silly gunzTarPerm extractEntry tools/node_modules/glob/node_modules/once/once.js
511 silly gunzTarPerm modified mode [ 'tools/node_modules/glob/node_modules/once/once.js', 436, 420 ]
512 silly gunzTarPerm extractEntry tools/node_modules/glob/node_modules/once/test/once.js
513 silly gunzTarPerm modified mode [ 'tools/node_modules/glob/node_modules/once/test/once.js',
513 silly gunzTarPerm   436,
513 silly gunzTarPerm   420 ]
514 silly gunzTarPerm extractEntry tools/node_modules/glob/node_modules/once/node_modules/wrappy/package.json
515 silly gunzTarPerm modified mode [ 'tools/node_modules/glob/node_modules/once/node_modules/wrappy/package.json',
515 silly gunzTarPerm   436,
515 silly gunzTarPerm   420 ]
516 silly gunzTarPerm extractEntry tools/node_modules/glob/node_modules/once/node_modules/wrappy/README.md
517 silly gunzTarPerm modified mode [ 'tools/node_modules/glob/node_modules/once/node_modules/wrappy/README.md',
517 silly gunzTarPerm   436,
517 silly gunzTarPerm   420 ]
518 silly gunzTarPerm extractEntry tools/node_modules/glob/node_modules/once/node_modules/wrappy/LICENSE
519 silly gunzTarPerm modified mode [ 'tools/node_modules/glob/node_modules/once/node_modules/wrappy/LICENSE',
519 silly gunzTarPerm   436,
519 silly gunzTarPerm   420 ]
520 silly gunzTarPerm extractEntry tools/node_modules/glob/node_modules/once/node_modules/wrappy/wrappy.js
521 silly gunzTarPerm modified mode [ 'tools/node_modules/glob/node_modules/once/node_modules/wrappy/wrappy.js',
521 silly gunzTarPerm   436,
521 silly gunzTarPerm   420 ]
522 silly gunzTarPerm extractEntry tools/node_modules/glob/node_modules/once/node_modules/wrappy/test/basic.js
523 silly gunzTarPerm modified mode [ 'tools/node_modules/glob/node_modules/once/node_modules/wrappy/test/basic.js',
523 silly gunzTarPerm   436,
523 silly gunzTarPerm   420 ]
524 silly gunzTarPerm extractEntry tools/node_modules/glob/node_modules/path-is-absolute/package.json
525 silly gunzTarPerm modified mode [ 'tools/node_modules/glob/node_modules/path-is-absolute/package.json',
525 silly gunzTarPerm   436,
525 silly gunzTarPerm   420 ]
526 silly gunzTarPerm extractEntry tools/node_modules/glob/node_modules/path-is-absolute/index.js
527 silly gunzTarPerm modified mode [ 'tools/node_modules/glob/node_modules/path-is-absolute/index.js',
527 silly gunzTarPerm   436,
527 silly gunzTarPerm   420 ]
528 silly gunzTarPerm extractEntry tools/node_modules/glob/node_modules/path-is-absolute/license
529 silly gunzTarPerm modified mode [ 'tools/node_modules/glob/node_modules/path-is-absolute/license',
529 silly gunzTarPerm   436,
529 silly gunzTarPerm   420 ]
530 silly gunzTarPerm extractEntry tools/node_modules/glob/node_modules/path-is-absolute/readme.md
531 silly gunzTarPerm modified mode [ 'tools/node_modules/glob/node_modules/path-is-absolute/readme.md',
531 silly gunzTarPerm   436,
531 silly gunzTarPerm   420 ]
532 silly lockFile 7100cdd0-oth-serial-port-node-modules-nan tar:///home/ferreirajp/Documentos/Copy/Projects/babylisten/node_modules/kit-iot-wearable/node_modules/bluetooth-serial-port/node_modules/nan
533 silly lockFile 7100cdd0-oth-serial-port-node-modules-nan tar:///home/ferreirajp/Documentos/Copy/Projects/babylisten/node_modules/kit-iot-wearable/node_modules/bluetooth-serial-port/node_modules/nan
534 silly lockFile 441e8aa3-eirajp-npm-nan-1-9-0-package-tgz tar:///home/ferreirajp/.npm/nan/1.9.0/package.tgz
535 silly lockFile 441e8aa3-eirajp-npm-nan-1-9-0-package-tgz tar:///home/ferreirajp/.npm/nan/1.9.0/package.tgz
536 info preinstall nan@1.9.0
537 verbose readDependencies using package.json deps
538 verbose readDependencies using package.json deps
539 silly resolved []
540 verbose about to build /home/ferreirajp/Documentos/Copy/Projects/babylisten/node_modules/kit-iot-wearable/node_modules/bluetooth-serial-port/node_modules/nan
541 info build /home/ferreirajp/Documentos/Copy/Projects/babylisten/node_modules/kit-iot-wearable/node_modules/bluetooth-serial-port/node_modules/nan
542 verbose linkStuff [ false,
542 verbose linkStuff   false,
542 verbose linkStuff   false,
542 verbose linkStuff   '/home/ferreirajp/Documentos/Copy/Projects/babylisten/node_modules/kit-iot-wearable/node_modules/bluetooth-serial-port/node_modules' ]
543 info linkStuff nan@1.9.0
544 verbose linkBins nan@1.9.0
545 verbose linkMans nan@1.9.0
546 verbose rebuildBundles nan@1.9.0
547 info install nan@1.9.0
548 info postinstall nan@1.9.0
549 verbose about to build /home/ferreirajp/Documentos/Copy/Projects/babylisten/node_modules/kit-iot-wearable/node_modules/bluetooth-serial-port
550 info build /home/ferreirajp/Documentos/Copy/Projects/babylisten/node_modules/kit-iot-wearable/node_modules/bluetooth-serial-port
551 verbose linkStuff [ false,
551 verbose linkStuff   false,
551 verbose linkStuff   false,
551 verbose linkStuff   '/home/ferreirajp/Documentos/Copy/Projects/babylisten/node_modules/kit-iot-wearable/node_modules' ]
552 info linkStuff bluetooth-serial-port@1.2.4
553 verbose linkBins bluetooth-serial-port@1.2.4
554 verbose linkMans bluetooth-serial-port@1.2.4
555 verbose rebuildBundles bluetooth-serial-port@1.2.4
556 verbose rebuildBundles [ 'bindings', 'nan' ]
557 info install bluetooth-serial-port@1.2.4
558 verbose unsafe-perm in lifecycle false
559 info bluetooth-serial-port@1.2.4 Failed to exec install script
560 verbose node_modules/kit-iot-wearable/node_modules/bluetooth-serial-port unbuild
561 warn This failure might be due to the use of legacy binary "node"
562 warn For further explanations, please read
/usr/share/doc/nodejs/README.Debian
563 info preuninstall bluetooth-serial-port@1.2.4
564 info uninstall bluetooth-serial-port@1.2.4
565 verbose false,/home/ferreirajp/Documentos/Copy/Projects/babylisten/node_modules,/home/ferreirajp/Documentos/Copy/Projects/babylisten/node_modules/kit-iot-wearable/node_modules unbuild bluetooth-serial-port@1.2.4
566 info postuninstall bluetooth-serial-port@1.2.4
567 verbose about to build /home/ferreirajp/Documentos/Copy/Projects/babylisten/node_modules/kit-iot-wearable
568 verbose node_modules/kit-iot-wearable unbuild
569 info preuninstall kit-iot-wearable@1.0.10
570 info uninstall kit-iot-wearable@1.0.10
571 verbose true,/home/ferreirajp/Documentos/Copy/Projects/babylisten/node_modules,/home/ferreirajp/Documentos/Copy/Projects/babylisten/node_modules unbuild kit-iot-wearable@1.0.10
572 info postuninstall kit-iot-wearable@1.0.10
573 error bluetooth-serial-port@1.2.4 install: `node-gyp configure build`
573 error Exit status 1
574 error Failed at the bluetooth-serial-port@1.2.4 install script.
574 error This is most likely a problem with the bluetooth-serial-port package,
574 error not with npm itself.
574 error Tell the author that this fails on your system:
574 error     node-gyp configure build
574 error You can get their info via:
574 error     npm owner ls bluetooth-serial-port
574 error There is likely additional logging output above.
575 error System Linux 3.19.0-25-generic
576 error command "/usr/bin/nodejs" "/usr/bin/npm" "install" "kit-iot-wearable"
577 error cwd /home/ferreirajp/Documentos/Copy/Projects/babylisten
578 error node -v v0.10.25
579 error npm -v 1.4.21
580 error code ELIFECYCLE
581 verbose exit [ 1, true ]
